<?xml version="1.0" encoding="UTF-8"?>
<!-- Generated by org.testng.reporters.JUnitReportReporter -->
<testsuite skipped="0" hostname="Sunnys" name="com.apchepoi.DataDrivenTesting" tests="4" failures="0" timestamp="2020-12-11T10:40:38 IST" time="20.784" errors="0">
  <testcase name="testData" time="1.886" classname="com.apchepoi.DataDrivenTesting"/>
  <system-out/>
  <testcase name="testData" time="14.098" classname="com.apchepoi.DataDrivenTesting"/>
  <system-out/>
  <testcase name="testData" time="1.858" classname="com.apchepoi.DataDrivenTesting"/>
  <system-out/>
  <testcase name="testData" time="2.942" classname="com.apchepoi.DataDrivenTesting"/>
  <system-out/>
</testsuite> <!-- com.apchepoi.DataDrivenTesting -->
