<?xml version="1.0" encoding="UTF-8"?>
<!-- Generated by org.testng.reporters.JUnitReportReporter -->
<testsuite skipped="0" hostname="Sunnys" name="com.Testtestng.TC_sun_3" tests="1" failures="0" timestamp="2020-12-12T13:44:27 IST" time="0.011" errors="0">
  <testcase name="chechUp3" time="0.011" classname="com.Testtestng.TC_sun_3"/>
  <system-out/>
</testsuite> <!-- com.Testtestng.TC_sun_3 -->
