<?xml version="1.0" encoding="UTF-8"?>
<!-- Generated by org.testng.reporters.JUnitReportReporter -->
<testsuite skipped="0" hostname="Sunnys" name="com.Testtestng.TC_sun_4" tests="3" failures="0" timestamp="2020-12-12T13:36:41 IST" time="0.003" errors="0">
  <testcase name="chechUp5" time="0.001" classname="com.Testtestng.TC_sun_4"/>
  <system-out/>
  <testcase name="chechUp3" time="0.001" classname="com.Testtestng.TC_sun_4"/>
  <system-out/>
  <testcase name="chechUp4" time="0.001" classname="com.Testtestng.TC_sun_4"/>
  <system-out/>
</testsuite> <!-- com.Testtestng.TC_sun_4 -->
