<?xml version="1.0" encoding="UTF-8"?>
<!-- Generated by org.testng.reporters.JUnitReportReporter -->
<testsuite skipped="0" hostname="Sunnys" name="sunnypractieprogramms.Sunny" tests="1" failures="0" timestamp="2020-09-10T13:29:52 IST" time="0.017" errors="0">
  <testcase name="validatSunny" time="0.017" classname="sunnypractieprogramms.Sunny"/>
  <system-out/>
</testsuite> <!-- sunnypractieprogramms.Sunny -->
