<?xml version="1.0" encoding="UTF-8"?>
<!-- Generated by org.testng.reporters.JUnitReportReporter -->
<testsuite skipped="0" hostname="Sunnys" name="com.Testtestng.TC_sun_1" tests="2" failures="0" timestamp="2020-12-12T13:36:41 IST" time="0.007" errors="0">
  <testcase name="flowContorl" time="0.005" classname="com.Testtestng.TC_sun_1"/>
  <system-out/>
  <testcase name="chechup1" time="0.002" classname="com.Testtestng.TC_sun_1"/>
  <system-out/>
</testsuite> <!-- com.Testtestng.TC_sun_1 -->
