<?xml version="1.0" encoding="UTF-8"?>
<!-- Generated by org.testng.reporters.JUnitReportReporter -->
<testsuite skipped="0" hostname="Sunnys" name="com.Testtestng.TC_sun_2" tests="1" failures="0" timestamp="2020-12-12T13:36:41 IST" time="0.001" errors="0">
  <testcase name="chechUp2" time="0.001" classname="com.Testtestng.TC_sun_2"/>
  <system-out/>
</testsuite> <!-- com.Testtestng.TC_sun_2 -->
